npm WARN EBADENGINE Unsupported engine {
npm WARN EBADENGINE   package: 'react-native@0.81.4',
npm WARN EBADENGINE   required: { node: '>= 20.19.4' },
npm WARN EBADENGINE   current: { node: 'v18.19.1', npm: '9.2.0' }
npm WARN EBADENGINE }
npm WARN EBADENGINE Unsupported engine {
npm WARN EBADENGINE   package: '@expo/server@0.7.4',
npm WARN EBADENGINE   required: { node: '>=20.16.0' },
npm WARN EBADENGINE   current: { node: 'v18.19.1', npm: '9.2.0' }
npm WARN EBADENGINE }
npm WARN EBADENGINE Unsupported engine {
npm WARN EBADENGINE   package: '@react-native/dev-middleware@0.81.4',
npm WARN EBADENGINE   required: { node: '>= 20.19.4' },
npm WARN EBADENGINE   current: { node: 'v18.19.1', npm: '9.2.0' }
npm WARN EBADENGINE }
npm WARN EBADENGINE Unsupported engine {
npm WARN EBADENGINE   package: 'metro@0.83.1',
npm WARN EBADENGINE   required: { node: '>=20.19.4' },
npm WARN EBADENGINE   current: { node: 'v18.19.1', npm: '9.2.0' }
npm WARN EBADENGINE }
npm WARN EBADENGINE Unsupported engine {
npm WARN EBADENGINE   package: 'metro-babel-transformer@0.83.1',
npm WARN EBADENGINE   required: { node: '>=20.19.4' },
npm WARN EBADENGINE   current: { node: 'v18.19.1', npm: '9.2.0' }
npm WARN EBADENGINE }
npm WARN EBADENGINE Unsupported engine {
npm WARN EBADENGINE   package: 'metro-cache@0.83.1',
npm WARN EBADENGINE   required: { node: '>=20.19.4' },
npm WARN EBADENGINE   current: { node: 'v18.19.1', npm: '9.2.0' }
npm WARN EBADENGINE }
npm WARN EBADENGINE Unsupported engine {
npm WARN EBADENGINE   package: 'metro-cache-key@0.83.1',
npm WARN EBADENGINE   required: { node: '>=20.19.4' },
npm WARN EBADENGINE   current: { node: 'v18.19.1', npm: '9.2.0' }
npm WARN EBADENGINE }
npm WARN EBADENGINE Unsupported engine {
npm WARN EBADENGINE   package: 'metro-config@0.83.1',
npm WARN EBADENGINE   required: { node: '>=20.19.4' },
npm WARN EBADENGINE   current: { node: 'v18.19.1', npm: '9.2.0' }
npm WARN EBADENGINE }
npm WARN EBADENGINE Unsupported engine {
npm WARN EBADENGINE   package: 'metro-core@0.83.1',
npm WARN EBADENGINE   required: { node: '>=20.19.4' },
npm WARN EBADENGINE   current: { node: 'v18.19.1', npm: '9.2.0' }
npm WARN EBADENGINE }
npm WARN EBADENGINE Unsupported engine {
npm WARN EBADENGINE   package: 'metro-file-map@0.83.1',
npm WARN EBADENGINE   required: { node: '>=20.19.4' },
npm WARN EBADENGINE   current: { node: 'v18.19.1', npm: '9.2.0' }
npm WARN EBADENGINE }
npm WARN EBADENGINE Unsupported engine {
npm WARN EBADENGINE   package: 'metro-resolver@0.83.1',
npm WARN EBADENGINE   required: { node: '>=20.19.4' },
npm WARN EBADENGINE   current: { node: 'v18.19.1', npm: '9.2.0' }
npm WARN EBADENGINE }
npm WARN EBADENGINE Unsupported engine {
npm WARN EBADENGINE   package: 'metro-runtime@0.83.1',
npm WARN EBADENGINE   required: { node: '>=20.19.4' },
npm WARN EBADENGINE   current: { node: 'v18.19.1', npm: '9.2.0' }
npm WARN EBADENGINE }
npm WARN EBADENGINE Unsupported engine {
npm WARN EBADENGINE   package: 'metro-source-map@0.83.1',
npm WARN EBADENGINE   required: { node: '>=20.19.4' },
npm WARN EBADENGINE   current: { node: 'v18.19.1', npm: '9.2.0' }
npm WARN EBADENGINE }
npm WARN EBADENGINE Unsupported engine {
npm WARN EBADENGINE   package: 'metro-transform-plugins@0.83.1',
npm WARN EBADENGINE   required: { node: '>=20.19.4' },
npm WARN EBADENGINE   current: { node: 'v18.19.1', npm: '9.2.0' }
npm WARN EBADENGINE }
npm WARN EBADENGINE Unsupported engine {
npm WARN EBADENGINE   package: 'metro-transform-worker@0.83.1',
npm WARN EBADENGINE   required: { node: '>=20.19.4' },
npm WARN EBADENGINE   current: { node: 'v18.19.1', npm: '9.2.0' }
npm WARN EBADENGINE }
npm WARN EBADENGINE Unsupported engine {
npm WARN EBADENGINE   package: '@react-native/debugger-frontend@0.81.4',
npm WARN EBADENGINE   required: { node: '>= 20.19.4' },
npm WARN EBADENGINE   current: { node: 'v18.19.1', npm: '9.2.0' }
npm WARN EBADENGINE }
npm WARN EBADENGINE Unsupported engine {
npm WARN EBADENGINE   package: '@react-native/babel-preset@0.81.4',
npm WARN EBADENGINE   required: { node: '>= 20.19.4' },
npm WARN EBADENGINE   current: { node: 'v18.19.1', npm: '9.2.0' }
npm WARN EBADENGINE }
npm WARN EBADENGINE Unsupported engine {
npm WARN EBADENGINE   package: '@react-native/babel-plugin-codegen@0.81.4',
npm WARN EBADENGINE   required: { node: '>= 20.19.4' },
npm WARN EBADENGINE   current: { node: 'v18.19.1', npm: '9.2.0' }
npm WARN EBADENGINE }
npm WARN EBADENGINE Unsupported engine {
npm WARN EBADENGINE   package: '@react-native/codegen@0.81.4',
npm WARN EBADENGINE   required: { node: '>= 20.19.4' },
npm WARN EBADENGINE   current: { node: 'v18.19.1', npm: '9.2.0' }
npm WARN EBADENGINE }
npm WARN EBADENGINE Unsupported engine {
npm WARN EBADENGINE   package: 'metro-symbolicate@0.83.1',
npm WARN EBADENGINE   required: { node: '>=20.19.4' },
npm WARN EBADENGINE   current: { node: 'v18.19.1', npm: '9.2.0' }
npm WARN EBADENGINE }
npm WARN EBADENGINE Unsupported engine {
npm WARN EBADENGINE   package: 'ob1@0.83.1',
npm WARN EBADENGINE   required: { node: '>=20.19.4' },
npm WARN EBADENGINE   current: { node: 'v18.19.1', npm: '9.2.0' }
npm WARN EBADENGINE }
npm WARN EBADENGINE Unsupported engine {
npm WARN EBADENGINE   package: 'metro-minify-terser@0.83.1',
npm WARN EBADENGINE   required: { node: '>=20.19.4' },
npm WARN EBADENGINE   current: { node: 'v18.19.1', npm: '9.2.0' }
npm WARN EBADENGINE }
npm WARN EBADENGINE Unsupported engine {
npm WARN EBADENGINE   package: '@react-native/assets-registry@0.81.4',
npm WARN EBADENGINE   required: { node: '>= 20.19.4' },
npm WARN EBADENGINE   current: { node: 'v18.19.1', npm: '9.2.0' }
npm WARN EBADENGINE }
npm WARN EBADENGINE Unsupported engine {
npm WARN EBADENGINE   package: '@react-native/community-cli-plugin@0.81.4',
npm WARN EBADENGINE   required: { node: '>= 20.19.4' },
npm WARN EBADENGINE   current: { node: 'v18.19.1', npm: '9.2.0' }
npm WARN EBADENGINE }
npm WARN EBADENGINE Unsupported engine {
npm WARN EBADENGINE   package: '@react-native/gradle-plugin@0.81.4',
npm WARN EBADENGINE   required: { node: '>= 20.19.4' },
npm WARN EBADENGINE   current: { node: 'v18.19.1', npm: '9.2.0' }
npm WARN EBADENGINE }
npm WARN EBADENGINE Unsupported engine {
npm WARN EBADENGINE   package: '@react-native/js-polyfills@0.81.4',
npm WARN EBADENGINE   required: { node: '>= 20.19.4' },
npm WARN EBADENGINE   current: { node: 'v18.19.1', npm: '9.2.0' }
npm WARN EBADENGINE }
npm WARN EBADENGINE Unsupported engine {
npm WARN EBADENGINE   package: '@react-native/virtualized-lists@0.81.4',
npm WARN EBADENGINE   required: { node: '>= 20.19.4' },
npm WARN EBADENGINE   current: { node: 'v18.19.1', npm: '9.2.0' }
npm WARN EBADENGINE }
npm WARN deprecated inflight@1.0.6: This module is not supported, and leaks memory. Do not use it. Check out lru-cache if you want a good and tested way to coalesce async requests by a key value, which is much more comprehensive and powerful.
npm WARN deprecated rimraf@3.0.2: Rimraf versions prior to v4 are no longer supported
npm WARN deprecated glob@7.2.3: Glob versions prior to v9 are no longer supported
npm WARN deprecated glob@7.2.3: Glob versions prior to v9 are no longer supported
npm WARN deprecated glob@7.2.3: Glob versions prior to v9 are no longer supported
npm WARN deprecated glob@7.2.3: Glob versions prior to v9 are no longer supported
  --non-interactive is not supported, use $CI=1 instead
ConfigError: The expected package.json path: /home/mint/Downloads/package.json does not exist
